2019-12-12 12:03:55 method: org.hibernate.Version.logVersion(Version.java:37) - [ INFO ]----HHH000412: Hibernate Core {5.1.0.Final}
2019-12-12 12:03:55 method: org.hibernate.cfg.Environment.<clinit>(Environment.java:213) - [ INFO ]----HHH000206: hibernate.properties not found
2019-12-12 12:03:55 method: org.hibernate.cfg.Environment.buildBytecodeProvider(Environment.java:317) - [ INFO ]----HHH000021: Bytecode provider name : javassist
2019-12-12 12:03:56 method: org.hibernate.annotations.common.reflection.java.JavaReflectionManager.<clinit>(JavaReflectionManager.java:66) - [ INFO ]----HCANN000001: Hibernate Commons Annotations {5.0.1.Final}
2019-12-12 12:03:57 method: org.hibernate.engine.jdbc.connections.internal.DriverManagerConnectionProviderImpl.configure(DriverManagerConnectionProviderImpl.java:71) - [ WARN ]----HHH10001002: Using Hibernate built-in connection pool (not for production use!)
2019-12-12 12:03:57 method: org.hibernate.engine.jdbc.connections.internal.DriverManagerConnectionProviderImpl.buildCreator(DriverManagerConnectionProviderImpl.java:127) - [ INFO ]----HHH10001005: using driver [com.mysql.cj.jdbc.Driver] at URL [jdbc:mysql://localhost:3306/demo1?serverTimezone=UTC]
2019-12-12 12:03:57 method: org.hibernate.engine.jdbc.connections.internal.DriverManagerConnectionProviderImpl.buildCreator(DriverManagerConnectionProviderImpl.java:136) - [ INFO ]----HHH10001001: Connection properties: {user=root, password=****, autocommit=true}
2019-12-12 12:03:57 method: org.hibernate.engine.jdbc.connections.internal.DriverManagerConnectionProviderImpl.buildCreator(DriverManagerConnectionProviderImpl.java:141) - [ INFO ]----HHH10001003: Autocommit mode: true
2019-12-12 12:03:57 method: org.hibernate.engine.jdbc.connections.internal.PooledConnections.<init>(PooledConnections.java:39) - [ INFO ]----HHH000115: Hibernate connection pool size: 20 (min=1)
2019-12-12 12:03:58 method: org.hibernate.dialect.Dialect.<init>(Dialect.java:156) - [ INFO ]----HHH000400: Using dialect: org.hibernate.dialect.MySQLDialect
2019-12-12 12:03:59 method: org.hibernate.hql.internal.QueryTranslatorFactoryInitiator.initiateService(QueryTranslatorFactoryInitiator.java:47) - [ INFO ]----HHH000397: Using ASTQueryTranslatorFactory
2019-12-12 21:53:06 method: org.hibernate.Version.logVersion(Version.java:37) - [ INFO ]----HHH000412: Hibernate Core {5.1.0.Final}
2019-12-12 21:53:06 method: org.hibernate.cfg.Environment.<clinit>(Environment.java:213) - [ INFO ]----HHH000206: hibernate.properties not found
2019-12-12 21:53:06 method: org.hibernate.cfg.Environment.buildBytecodeProvider(Environment.java:317) - [ INFO ]----HHH000021: Bytecode provider name : javassist
2019-12-12 21:53:07 method: org.hibernate.annotations.common.reflection.java.JavaReflectionManager.<clinit>(JavaReflectionManager.java:66) - [ INFO ]----HCANN000001: Hibernate Commons Annotations {5.0.1.Final}
2019-12-12 21:53:08 method: org.hibernate.engine.jdbc.connections.internal.DriverManagerConnectionProviderImpl.configure(DriverManagerConnectionProviderImpl.java:71) - [ WARN ]----HHH10001002: Using Hibernate built-in connection pool (not for production use!)
2019-12-12 21:53:09 method: org.hibernate.engine.jdbc.connections.internal.DriverManagerConnectionProviderImpl.buildCreator(DriverManagerConnectionProviderImpl.java:127) - [ INFO ]----HHH10001005: using driver [com.mysql.cj.jdbc.Driver] at URL [jdbc:mysql://localhost:3306/demo1?serverTimezone=UTC]
2019-12-12 21:53:09 method: org.hibernate.engine.jdbc.connections.internal.DriverManagerConnectionProviderImpl.buildCreator(DriverManagerConnectionProviderImpl.java:136) - [ INFO ]----HHH10001001: Connection properties: {user=root, password=****, autocommit=true}
2019-12-12 21:53:09 method: org.hibernate.engine.jdbc.connections.internal.DriverManagerConnectionProviderImpl.buildCreator(DriverManagerConnectionProviderImpl.java:141) - [ INFO ]----HHH10001003: Autocommit mode: true
2019-12-12 21:53:09 method: org.hibernate.engine.jdbc.connections.internal.PooledConnections.<init>(PooledConnections.java:39) - [ INFO ]----HHH000115: Hibernate connection pool size: 20 (min=1)
2019-12-12 21:53:10 method: org.hibernate.dialect.Dialect.<init>(Dialect.java:156) - [ INFO ]----HHH000400: Using dialect: org.hibernate.dialect.MySQLDialect
2019-12-12 21:53:10 method: org.hibernate.hql.internal.QueryTranslatorFactoryInitiator.initiateService(QueryTranslatorFactoryInitiator.java:47) - [ INFO ]----HHH000397: Using ASTQueryTranslatorFactory
2019-12-12 21:56:41 method: org.hibernate.Version.logVersion(Version.java:37) - [ INFO ]----HHH000412: Hibernate Core {5.1.0.Final}
2019-12-12 21:56:41 method: org.hibernate.cfg.Environment.<clinit>(Environment.java:213) - [ INFO ]----HHH000206: hibernate.properties not found
2019-12-12 21:56:41 method: org.hibernate.cfg.Environment.buildBytecodeProvider(Environment.java:317) - [ INFO ]----HHH000021: Bytecode provider name : javassist
2019-12-12 21:56:41 method: org.hibernate.annotations.common.reflection.java.JavaReflectionManager.<clinit>(JavaReflectionManager.java:66) - [ INFO ]----HCANN000001: Hibernate Commons Annotations {5.0.1.Final}
2019-12-12 21:56:43 method: org.hibernate.engine.jdbc.connections.internal.DriverManagerConnectionProviderImpl.configure(DriverManagerConnectionProviderImpl.java:71) - [ WARN ]----HHH10001002: Using Hibernate built-in connection pool (not for production use!)
2019-12-12 21:56:43 method: org.hibernate.engine.jdbc.connections.internal.DriverManagerConnectionProviderImpl.buildCreator(DriverManagerConnectionProviderImpl.java:127) - [ INFO ]----HHH10001005: using driver [com.mysql.cj.jdbc.Driver] at URL [jdbc:mysql://localhost:3306/demo1?serverTimezone=UTC]
2019-12-12 21:56:43 method: org.hibernate.engine.jdbc.connections.internal.DriverManagerConnectionProviderImpl.buildCreator(DriverManagerConnectionProviderImpl.java:136) - [ INFO ]----HHH10001001: Connection properties: {user=root, password=****, autocommit=true}
2019-12-12 21:56:43 method: org.hibernate.engine.jdbc.connections.internal.DriverManagerConnectionProviderImpl.buildCreator(DriverManagerConnectionProviderImpl.java:141) - [ INFO ]----HHH10001003: Autocommit mode: true
2019-12-12 21:56:43 method: org.hibernate.engine.jdbc.connections.internal.PooledConnections.<init>(PooledConnections.java:39) - [ INFO ]----HHH000115: Hibernate connection pool size: 20 (min=1)
2019-12-12 21:56:44 method: org.hibernate.dialect.Dialect.<init>(Dialect.java:156) - [ INFO ]----HHH000400: Using dialect: org.hibernate.dialect.MySQLDialect
2019-12-12 21:56:45 method: org.hibernate.hql.internal.QueryTranslatorFactoryInitiator.initiateService(QueryTranslatorFactoryInitiator.java:47) - [ INFO ]----HHH000397: Using ASTQueryTranslatorFactory
2019-12-12 21:58:32 method: org.hibernate.Version.logVersion(Version.java:37) - [ INFO ]----HHH000412: Hibernate Core {5.1.0.Final}
2019-12-12 21:58:32 method: org.hibernate.cfg.Environment.<clinit>(Environment.java:213) - [ INFO ]----HHH000206: hibernate.properties not found
2019-12-12 21:58:32 method: org.hibernate.cfg.Environment.buildBytecodeProvider(Environment.java:317) - [ INFO ]----HHH000021: Bytecode provider name : javassist
2019-12-12 21:58:32 method: org.hibernate.annotations.common.reflection.java.JavaReflectionManager.<clinit>(JavaReflectionManager.java:66) - [ INFO ]----HCANN000001: Hibernate Commons Annotations {5.0.1.Final}
2019-12-12 21:58:34 method: org.hibernate.engine.jdbc.connections.internal.DriverManagerConnectionProviderImpl.configure(DriverManagerConnectionProviderImpl.java:71) - [ WARN ]----HHH10001002: Using Hibernate built-in connection pool (not for production use!)
2019-12-12 21:58:34 method: org.hibernate.engine.jdbc.connections.internal.DriverManagerConnectionProviderImpl.buildCreator(DriverManagerConnectionProviderImpl.java:127) - [ INFO ]----HHH10001005: using driver [com.mysql.cj.jdbc.Driver] at URL [jdbc:mysql://localhost:3306/demo1?serverTimezone=UTC]
2019-12-12 21:58:34 method: org.hibernate.engine.jdbc.connections.internal.DriverManagerConnectionProviderImpl.buildCreator(DriverManagerConnectionProviderImpl.java:136) - [ INFO ]----HHH10001001: Connection properties: {user=root, password=****, autocommit=true}
2019-12-12 21:58:34 method: org.hibernate.engine.jdbc.connections.internal.DriverManagerConnectionProviderImpl.buildCreator(DriverManagerConnectionProviderImpl.java:141) - [ INFO ]----HHH10001003: Autocommit mode: true
2019-12-12 21:58:34 method: org.hibernate.engine.jdbc.connections.internal.PooledConnections.<init>(PooledConnections.java:39) - [ INFO ]----HHH000115: Hibernate connection pool size: 20 (min=1)
2019-12-12 21:58:35 method: org.hibernate.dialect.Dialect.<init>(Dialect.java:156) - [ INFO ]----HHH000400: Using dialect: org.hibernate.dialect.MySQLDialect
2019-12-12 21:58:35 method: org.hibernate.hql.internal.QueryTranslatorFactoryInitiator.initiateService(QueryTranslatorFactoryInitiator.java:47) - [ INFO ]----HHH000397: Using ASTQueryTranslatorFactory
2019-12-12 21:59:39 method: org.hibernate.Version.logVersion(Version.java:37) - [ INFO ]----HHH000412: Hibernate Core {5.1.0.Final}
2019-12-12 21:59:39 method: org.hibernate.cfg.Environment.<clinit>(Environment.java:213) - [ INFO ]----HHH000206: hibernate.properties not found
2019-12-12 21:59:39 method: org.hibernate.cfg.Environment.buildBytecodeProvider(Environment.java:317) - [ INFO ]----HHH000021: Bytecode provider name : javassist
2019-12-12 21:59:39 method: org.hibernate.annotations.common.reflection.java.JavaReflectionManager.<clinit>(JavaReflectionManager.java:66) - [ INFO ]----HCANN000001: Hibernate Commons Annotations {5.0.1.Final}
2019-12-12 21:59:41 method: org.hibernate.engine.jdbc.connections.internal.DriverManagerConnectionProviderImpl.configure(DriverManagerConnectionProviderImpl.java:71) - [ WARN ]----HHH10001002: Using Hibernate built-in connection pool (not for production use!)
2019-12-12 21:59:41 method: org.hibernate.engine.jdbc.connections.internal.DriverManagerConnectionProviderImpl.buildCreator(DriverManagerConnectionProviderImpl.java:127) - [ INFO ]----HHH10001005: using driver [com.mysql.cj.jdbc.Driver] at URL [jdbc:mysql://localhost:3306/demo1?serverTimezone=UTC]
2019-12-12 21:59:41 method: org.hibernate.engine.jdbc.connections.internal.DriverManagerConnectionProviderImpl.buildCreator(DriverManagerConnectionProviderImpl.java:136) - [ INFO ]----HHH10001001: Connection properties: {user=root, password=****, autocommit=true}
2019-12-12 21:59:41 method: org.hibernate.engine.jdbc.connections.internal.DriverManagerConnectionProviderImpl.buildCreator(DriverManagerConnectionProviderImpl.java:141) - [ INFO ]----HHH10001003: Autocommit mode: true
2019-12-12 21:59:41 method: org.hibernate.engine.jdbc.connections.internal.PooledConnections.<init>(PooledConnections.java:39) - [ INFO ]----HHH000115: Hibernate connection pool size: 20 (min=1)
2019-12-12 21:59:42 method: org.hibernate.dialect.Dialect.<init>(Dialect.java:156) - [ INFO ]----HHH000400: Using dialect: org.hibernate.dialect.MySQLDialect
2019-12-12 21:59:43 method: org.hibernate.hql.internal.QueryTranslatorFactoryInitiator.initiateService(QueryTranslatorFactoryInitiator.java:47) - [ INFO ]----HHH000397: Using ASTQueryTranslatorFactory
2019-12-12 21:59:59 method: org.hibernate.Version.logVersion(Version.java:37) - [ INFO ]----HHH000412: Hibernate Core {5.1.0.Final}
2019-12-12 21:59:59 method: org.hibernate.cfg.Environment.<clinit>(Environment.java:213) - [ INFO ]----HHH000206: hibernate.properties not found
2019-12-12 21:59:59 method: org.hibernate.cfg.Environment.buildBytecodeProvider(Environment.java:317) - [ INFO ]----HHH000021: Bytecode provider name : javassist
2019-12-12 22:00:00 method: org.hibernate.annotations.common.reflection.java.JavaReflectionManager.<clinit>(JavaReflectionManager.java:66) - [ INFO ]----HCANN000001: Hibernate Commons Annotations {5.0.1.Final}
2019-12-12 22:00:02 method: org.hibernate.engine.jdbc.connections.internal.DriverManagerConnectionProviderImpl.configure(DriverManagerConnectionProviderImpl.java:71) - [ WARN ]----HHH10001002: Using Hibernate built-in connection pool (not for production use!)
2019-12-12 22:00:02 method: org.hibernate.engine.jdbc.connections.internal.DriverManagerConnectionProviderImpl.buildCreator(DriverManagerConnectionProviderImpl.java:127) - [ INFO ]----HHH10001005: using driver [com.mysql.cj.jdbc.Driver] at URL [jdbc:mysql://localhost:3306/demo1?serverTimezone=UTC]
2019-12-12 22:00:02 method: org.hibernate.engine.jdbc.connections.internal.DriverManagerConnectionProviderImpl.buildCreator(DriverManagerConnectionProviderImpl.java:136) - [ INFO ]----HHH10001001: Connection properties: {user=root, password=****, autocommit=true}
2019-12-12 22:00:02 method: org.hibernate.engine.jdbc.connections.internal.DriverManagerConnectionProviderImpl.buildCreator(DriverManagerConnectionProviderImpl.java:141) - [ INFO ]----HHH10001003: Autocommit mode: true
2019-12-12 22:00:02 method: org.hibernate.engine.jdbc.connections.internal.PooledConnections.<init>(PooledConnections.java:39) - [ INFO ]----HHH000115: Hibernate connection pool size: 20 (min=1)
2019-12-12 22:00:03 method: org.hibernate.dialect.Dialect.<init>(Dialect.java:156) - [ INFO ]----HHH000400: Using dialect: org.hibernate.dialect.MySQLDialect
2019-12-12 22:00:03 method: org.hibernate.hql.internal.QueryTranslatorFactoryInitiator.initiateService(QueryTranslatorFactoryInitiator.java:47) - [ INFO ]----HHH000397: Using ASTQueryTranslatorFactory
2019-12-12 22:00:52 method: org.hibernate.Version.logVersion(Version.java:37) - [ INFO ]----HHH000412: Hibernate Core {5.1.0.Final}
2019-12-12 22:00:52 method: org.hibernate.cfg.Environment.<clinit>(Environment.java:213) - [ INFO ]----HHH000206: hibernate.properties not found
2019-12-12 22:00:52 method: org.hibernate.cfg.Environment.buildBytecodeProvider(Environment.java:317) - [ INFO ]----HHH000021: Bytecode provider name : javassist
2019-12-12 22:00:53 method: org.hibernate.annotations.common.reflection.java.JavaReflectionManager.<clinit>(JavaReflectionManager.java:66) - [ INFO ]----HCANN000001: Hibernate Commons Annotations {5.0.1.Final}
2019-12-12 22:00:55 method: org.hibernate.engine.jdbc.connections.internal.DriverManagerConnectionProviderImpl.configure(DriverManagerConnectionProviderImpl.java:71) - [ WARN ]----HHH10001002: Using Hibernate built-in connection pool (not for production use!)
2019-12-12 22:00:55 method: org.hibernate.engine.jdbc.connections.internal.DriverManagerConnectionProviderImpl.buildCreator(DriverManagerConnectionProviderImpl.java:127) - [ INFO ]----HHH10001005: using driver [com.mysql.cj.jdbc.Driver] at URL [jdbc:mysql://localhost:3306/demo1?serverTimezone=UTC]
2019-12-12 22:00:55 method: org.hibernate.engine.jdbc.connections.internal.DriverManagerConnectionProviderImpl.buildCreator(DriverManagerConnectionProviderImpl.java:136) - [ INFO ]----HHH10001001: Connection properties: {user=root, password=****, autocommit=true}
2019-12-12 22:00:55 method: org.hibernate.engine.jdbc.connections.internal.DriverManagerConnectionProviderImpl.buildCreator(DriverManagerConnectionProviderImpl.java:141) - [ INFO ]----HHH10001003: Autocommit mode: true
2019-12-12 22:00:55 method: org.hibernate.engine.jdbc.connections.internal.PooledConnections.<init>(PooledConnections.java:39) - [ INFO ]----HHH000115: Hibernate connection pool size: 20 (min=1)
2019-12-12 22:00:56 method: org.hibernate.dialect.Dialect.<init>(Dialect.java:156) - [ INFO ]----HHH000400: Using dialect: org.hibernate.dialect.MySQLDialect
2019-12-12 22:00:57 method: org.hibernate.hql.internal.QueryTranslatorFactoryInitiator.initiateService(QueryTranslatorFactoryInitiator.java:47) - [ INFO ]----HHH000397: Using ASTQueryTranslatorFactory
